2022-06-22 14:44:05.527 [info] <0.44.0> Application lager started on node nonode@nohost
2022-06-22 14:44:05.533 [info] <0.44.0> Application xmerl started on node nonode@nohost
2022-06-22 14:44:05.557 [info] <0.44.0> Application sasl started on node nonode@nohost
2022-06-22 14:44:05.557 [info] <0.44.0> Application tools started on node nonode@nohost
2022-06-22 14:44:05.557 [info] <0.44.0> Application jsx started on node nonode@nohost
2022-06-22 14:44:05.557 [info] <0.44.0> Application recon started on node nonode@nohost
2022-06-22 14:44:05.617 [info] <0.44.0> Application credentials_obfuscation started on node nonode@nohost
2022-06-22 14:44:05.617 [info] <0.44.0> Application rabbit_common started on node nonode@nohost
2022-06-22 14:44:05.650 [info] <0.44.0> Application amqp_client started on node nonode@nohost
2022-06-22 14:44:05.653 [info] <0.44.0> Application amqp started on node nonode@nohost
2022-06-22 14:44:05.655 [info] <0.44.0> Application observe started on node nonode@nohost
2022-06-22 14:47:24.506 [info] <0.44.0> Application lager started on node nonode@nohost
2022-06-22 14:47:24.509 [info] <0.44.0> Application xmerl started on node nonode@nohost
2022-06-22 14:47:24.519 [info] <0.44.0> Application sasl started on node nonode@nohost
2022-06-22 14:47:24.519 [info] <0.44.0> Application tools started on node nonode@nohost
2022-06-22 14:47:24.519 [info] <0.44.0> Application jsx started on node nonode@nohost
2022-06-22 14:47:24.520 [info] <0.44.0> Application recon started on node nonode@nohost
2022-06-22 14:47:24.578 [info] <0.44.0> Application credentials_obfuscation started on node nonode@nohost
2022-06-22 14:47:24.578 [info] <0.44.0> Application rabbit_common started on node nonode@nohost
2022-06-22 14:47:24.599 [info] <0.44.0> Application amqp_client started on node nonode@nohost
2022-06-22 14:47:24.607 [info] <0.44.0> Application amqp started on node nonode@nohost
2022-06-22 14:47:24.608 [info] <0.44.0> Application observe started on node nonode@nohost
2022-06-22 14:47:51.585 [info] <0.44.0> Application lager started on node nonode@nohost
2022-06-22 14:47:51.590 [info] <0.44.0> Application xmerl started on node nonode@nohost
2022-06-22 14:47:51.599 [info] <0.44.0> Application sasl started on node nonode@nohost
2022-06-22 14:47:51.599 [info] <0.44.0> Application tools started on node nonode@nohost
2022-06-22 14:47:51.599 [info] <0.44.0> Application jsx started on node nonode@nohost
2022-06-22 14:47:51.599 [info] <0.44.0> Application recon started on node nonode@nohost
2022-06-22 14:47:51.653 [info] <0.44.0> Application credentials_obfuscation started on node nonode@nohost
2022-06-22 14:47:51.653 [info] <0.44.0> Application rabbit_common started on node nonode@nohost
2022-06-22 14:47:51.669 [info] <0.44.0> Application amqp_client started on node nonode@nohost
2022-06-22 14:47:51.675 [info] <0.44.0> Application amqp started on node nonode@nohost
2022-06-22 14:47:51.678 [info] <0.44.0> Application observe started on node nonode@nohost
